<?xml version="1.0" encoding="UTF-8"?>
<!-- Generated by org.testng.reporters.JUnitReportReporter -->
<testsuite hostname="seths-mbp.domain" name="com.tests.LoginTests" tests="2" failures="0" timestamp="1 Oct 2016 18:54:42 GMT" time="12.957" errors="0">
  <testcase name="logInUserError" time="4.150" classname="com.tests.LoginTests"/>
  <testcase name="logInUserSuccessfully" time="8.807" classname="com.tests.LoginTests"/>
</testsuite> <!-- com.tests.LoginTests -->
