<?xml version="1.0" encoding="UTF-8"?>
<!-- Generated by org.testng.reporters.JUnitReportReporter -->
<testsuite hostname="seths-mbp.domain" name="com.tests.ContentTests" tests="1" failures="0" timestamp="1 Oct 2016 19:39:57 GMT" time="9.636" errors="0">
  <testcase name="logInUserSuccessfullyFromArticle" time="9.636" classname="com.tests.ContentTests"/>
</testsuite> <!-- com.tests.ContentTests -->
