<?xml version="1.0" encoding="UTF-8"?>
<!-- Generated by org.testng.reporters.JUnitReportReporter -->
<testsuite hostname="Seths-MacBook-Pro.local" name="com.tests.LoginTests" tests="2" failures="0" timestamp="4 Oct 2016 23:45:13 GMT" time="12.130" errors="0">
  <testcase name="logInUserError" time="3.109" classname="com.tests.LoginTests"/>
  <testcase name="logInUserSuccessfully" time="9.021" classname="com.tests.LoginTests"/>
</testsuite> <!-- com.tests.LoginTests -->
